\BOOKMARK [0][-]{chapter*.1}{Acknowledgements}{}% 1
\BOOKMARK [0][-]{chapter*.2}{Preface}{}% 2
\BOOKMARK [0][-]{chapter*.3}{Abstract \(English / Deutsch\)}{}% 3
\BOOKMARK [0][-]{section*.6}{List of figures}{}% 4
\BOOKMARK [0][-]{section*.8}{List of tables}{}% 5
\BOOKMARK [0][-]{chapter*.10}{Introduction}{}% 6
\BOOKMARK [1][-]{section.0.1}{Aim}{chapter*.10}% 7
\BOOKMARK [1][-]{section.0.2}{Teff genome}{chapter*.10}% 8
\BOOKMARK [1][-]{section.0.3}{Biological aspects of Codon usage}{chapter*.10}% 9
\BOOKMARK [2][-]{subsection.0.3.1}{Genetic Code}{section.0.3}% 10
\BOOKMARK [0][-]{chapter.1}{Setup of data and project}{}% 11
\BOOKMARK [1][-]{section.1.1}{Getting familiar with the data}{chapter.1}% 12
\BOOKMARK [2][-]{subsection.1.1.1}{read tRNA stats and decide on optimality of a codon}{section.1.1}% 13
\BOOKMARK [1][-]{section.1.2}{text chunk - tRNA database}{chapter.1}% 14
\BOOKMARK [2][-]{subsection.1.2.1}{text chunk - Project notes}{section.1.2}% 15
\BOOKMARK [2][-]{subsection.1.2.2}{Plot OCU demo}{section.1.2}% 16
\BOOKMARK [0][-]{chapter.2}{R package setup and maintenance}{}% 17
\BOOKMARK [1][-]{section.2.1}{Generation of R package}{chapter.2}% 18
\BOOKMARK [2][-]{subsection.2.1.1}{Chunk from Labjournal}{section.2.1}% 19
\BOOKMARK [2][-]{subsection.2.1.2}{Generation of sample sequence data file}{section.2.1}% 20
\BOOKMARK [2][-]{subsection.2.1.3}{Maintenance with R Studio}{section.2.1}% 21
\BOOKMARK [2][-]{subsection.2.1.4}{Publishing on GitHub - Description of versions}{section.2.1}% 22
\BOOKMARK [0][-]{chapter.3}{Transcription of Darwin Code}{}% 23
\BOOKMARK [1][-]{section.3.1}{Transcription of Darwin functions}{chapter.3}% 24
\BOOKMARK [1][-]{section.3.2}{R environement adaptation}{chapter.3}% 25
\BOOKMARK [0][-]{chapter.4}{Vignette}{}% 26
\BOOKMARK [1][-]{section.4.1}{statanacoseq}{chapter.4}% 27
\BOOKMARK [1][-]{section.4.2}{Demos}{chapter.4}% 28
\BOOKMARK [1][-]{section.4.3}{Tests}{chapter.4}% 29
\BOOKMARK [1][-]{section.4.4}{Functions}{chapter.4}% 30
\BOOKMARK [2][-]{subsection.4.4.1}{Indices}{section.4.4}% 31
\BOOKMARK [2][-]{subsection.4.4.2}{Helperfunctions}{section.4.4}% 32
\BOOKMARK [1][-]{section.4.5}{Sampledata}{chapter.4}% 33
\BOOKMARK [2][-]{subsection.4.5.1}{External Data}{section.4.5}% 34
\BOOKMARK [2][-]{subsection.4.5.2}{Datasets}{section.4.5}% 35
\BOOKMARK [0][-]{chapter.5}{Outlook}{}% 36
\BOOKMARK [1][-]{section.5.1}{Codon Bias Indices}{chapter.5}% 37
\BOOKMARK [1][-]{section.5.2}{Biological meaning and statistics}{chapter.5}% 38
\BOOKMARK [1][-]{section.5.3}{Package development}{chapter.5}% 39
\BOOKMARK [0][-]{chapter.6}{R package on GitHub}{}% 40
\BOOKMARK [0][-]{appendix.A}{Appendix - the Darwin code for codon indices}{}% 41
\BOOKMARK [0][-]{section*.17}{Bibliography}{}% 42
\BOOKMARK [0][-]{section*.18}{Curriculum Vitae}{}% 43
